2024-04-20T00:00:59.659+09:00  INFO 2003 --- [farmstory] [restartedMain] kr.co.farmstory.FarmstoryApplication     : Starting FarmstoryApplication using Java 21.0.2 with PID 2003 (/Users/songsangdo/Desktop/무제 폴더/ToyProject1/build/classes/java/main started by songsangdo in /Users/songsangdo/Desktop/무제 폴더/ToyProject1)
2024-04-20T00:00:59.666+09:00  INFO 2003 --- [farmstory] [restartedMain] kr.co.farmstory.FarmstoryApplication     : No active profile set, falling back to 1 default profile: "default"
2024-04-20T00:00:59.785+09:00  INFO 2003 --- [farmstory] [restartedMain] .e.DevToolsPropertyDefaultsPostProcessor : Devtools property defaults active! Set 'spring.devtools.add-properties' to 'false' to disable
2024-04-20T00:00:59.785+09:00  INFO 2003 --- [farmstory] [restartedMain] .e.DevToolsPropertyDefaultsPostProcessor : For additional web related logging consider setting the 'logging.level.web' property to 'DEBUG'
2024-04-20T00:01:00.085+09:00  INFO 2003 --- [farmstory] [restartedMain] .s.d.r.c.RepositoryConfigurationDelegate : Bootstrapping Spring Data JPA repositories in DEFAULT mode.
2024-04-20T00:01:00.109+09:00  INFO 2003 --- [farmstory] [restartedMain] .s.d.r.c.RepositoryConfigurationDelegate : Finished Spring Data repository scanning in 21 ms. Found 3 JPA repository interfaces.
2024-04-20T00:01:00.396+09:00  INFO 2003 --- [farmstory] [restartedMain] o.s.b.w.embedded.tomcat.TomcatWebServer  : Tomcat initialized with port 8080 (http)
2024-04-20T00:01:00.403+09:00  INFO 2003 --- [farmstory] [restartedMain] o.apache.catalina.core.StandardService   : Starting service [Tomcat]
2024-04-20T00:01:00.403+09:00  INFO 2003 --- [farmstory] [restartedMain] o.apache.catalina.core.StandardEngine    : Starting Servlet engine: [Apache Tomcat/10.1.19]
2024-04-20T00:01:00.422+09:00  INFO 2003 --- [farmstory] [restartedMain] o.a.c.c.C.[.[localhost].[/farmstory]     : Initializing Spring embedded WebApplicationContext
2024-04-20T00:01:00.422+09:00  INFO 2003 --- [farmstory] [restartedMain] w.s.c.ServletWebServerApplicationContext : Root WebApplicationContext: initialization completed in 637 ms
2024-04-20T00:01:00.511+09:00  INFO 2003 --- [farmstory] [restartedMain] o.hibernate.jpa.internal.util.LogHelper  : HHH000204: Processing PersistenceUnitInfo [name: default]
2024-04-20T00:01:00.539+09:00  INFO 2003 --- [farmstory] [restartedMain] org.hibernate.Version                    : HHH000412: Hibernate ORM core version 6.4.4.Final
2024-04-20T00:01:00.552+09:00  INFO 2003 --- [farmstory] [restartedMain] o.h.c.internal.RegionFactoryInitiator    : HHH000026: Second-level cache disabled
2024-04-20T00:01:00.641+09:00  INFO 2003 --- [farmstory] [restartedMain] o.s.o.j.p.SpringPersistenceUnitInfo      : No LoadTimeWeaver setup: ignoring JPA class transformer
2024-04-20T00:01:00.653+09:00  INFO 2003 --- [farmstory] [restartedMain] com.zaxxer.hikari.HikariDataSource       : HikariPool-1 - Starting...
2024-04-20T00:01:00.808+09:00  INFO 2003 --- [farmstory] [restartedMain] com.zaxxer.hikari.pool.HikariPool        : HikariPool-1 - Added connection com.mysql.cj.jdbc.ConnectionImpl@ad7e279
2024-04-20T00:01:00.809+09:00  INFO 2003 --- [farmstory] [restartedMain] com.zaxxer.hikari.HikariDataSource       : HikariPool-1 - Start completed.
2024-04-20T00:01:00.832+09:00  WARN 2003 --- [farmstory] [restartedMain] org.hibernate.orm.deprecation            : HHH90000025: MySQLDialect does not need to be specified explicitly using 'hibernate.dialect' (remove the property setting and it will be selected by default)
2024-04-20T00:01:01.257+09:00  INFO 2003 --- [farmstory] [restartedMain] o.h.e.t.j.p.i.JtaPlatformInitiator       : HHH000489: No JTA platform available (set 'hibernate.transaction.jta.platform' to enable JTA platform integration)
2024-04-20T00:01:01.283+09:00  INFO 2003 --- [farmstory] [restartedMain] j.LocalContainerEntityManagerFactoryBean : Initialized JPA EntityManagerFactory for persistence unit 'default'
2024-04-20T00:01:01.555+09:00  WARN 2003 --- [farmstory] [restartedMain] JpaBaseConfiguration$JpaWebConfiguration : spring.jpa.open-in-view is enabled by default. Therefore, database queries may be performed during view rendering. Explicitly configure spring.jpa.open-in-view to disable this warning
2024-04-20T00:01:01.779+09:00  WARN 2003 --- [farmstory] [restartedMain] .s.s.UserDetailsServiceAutoConfiguration : 

Using generated security password: f220953c-4a84-4bb9-9eae-c92ee5c10442

This generated password is for development use only. Your security configuration must be updated before running your application in production.

2024-04-20T00:01:01.827+09:00  INFO 2003 --- [farmstory] [restartedMain] o.s.s.web.DefaultSecurityFilterChain     : Will secure any request with [org.springframework.security.web.session.DisableEncodeUrlFilter@1c06a519, org.springframework.security.web.context.request.async.WebAsyncManagerIntegrationFilter@44275530, org.springframework.security.web.context.SecurityContextHolderFilter@4e4e410c, org.springframework.security.web.header.HeaderWriterFilter@5b182c50, org.springframework.web.filter.CorsFilter@2755e67f, org.springframework.security.web.csrf.CsrfFilter@72b669f1, org.springframework.security.web.authentication.logout.LogoutFilter@1d8cab6b, org.springframework.security.web.authentication.UsernamePasswordAuthenticationFilter@6ed7e03e, org.springframework.security.web.authentication.ui.DefaultLoginPageGeneratingFilter@794b78c4, org.springframework.security.web.authentication.ui.DefaultLogoutPageGeneratingFilter@7b6c14ce, org.springframework.security.web.authentication.www.BasicAuthenticationFilter@1ce89223, org.springframework.security.web.savedrequest.RequestCacheAwareFilter@24686330, org.springframework.security.web.servletapi.SecurityContextHolderAwareRequestFilter@6d993d67, org.springframework.security.web.authentication.AnonymousAuthenticationFilter@526b48d7, org.springframework.security.web.access.ExceptionTranslationFilter@7a696123, org.springframework.security.web.access.intercept.AuthorizationFilter@27434d99]
2024-04-20T00:01:01.845+09:00  INFO 2003 --- [farmstory] [restartedMain] o.s.b.d.a.OptionalLiveReloadServer       : LiveReload server is running on port 35729
2024-04-20T00:01:01.860+09:00  INFO 2003 --- [farmstory] [restartedMain] o.s.b.w.embedded.tomcat.TomcatWebServer  : Tomcat started on port 8080 (http) with context path '/farmstory'
2024-04-20T00:01:01.867+09:00  INFO 2003 --- [farmstory] [restartedMain] kr.co.farmstory.FarmstoryApplication     : Started FarmstoryApplication in 2.39 seconds (process running for 2.572)
2024-04-20T00:01:07.350+09:00  INFO 2003 --- [farmstory] [http-nio-8080-exec-2] o.a.c.c.C.[.[localhost].[/farmstory]     : Initializing Spring DispatcherServlet 'dispatcherServlet'
2024-04-20T00:01:07.351+09:00  INFO 2003 --- [farmstory] [http-nio-8080-exec-2] o.s.web.servlet.DispatcherServlet        : Initializing Servlet 'dispatcherServlet'
2024-04-20T00:01:07.351+09:00  INFO 2003 --- [farmstory] [http-nio-8080-exec-2] o.s.web.servlet.DispatcherServlet        : Completed initialization in 0 ms
2024-04-20T00:56:11.148+09:00  INFO 2003 --- [farmstory] [SpringApplicationShutdownHook] j.LocalContainerEntityManagerFactoryBean : Closing JPA EntityManagerFactory for persistence unit 'default'
2024-04-20T00:56:11.151+09:00  INFO 2003 --- [farmstory] [SpringApplicationShutdownHook] com.zaxxer.hikari.HikariDataSource       : HikariPool-1 - Shutdown initiated...
2024-04-20T00:56:11.157+09:00  INFO 2003 --- [farmstory] [SpringApplicationShutdownHook] com.zaxxer.hikari.HikariDataSource       : HikariPool-1 - Shutdown completed.
2024-04-20T00:56:12.640+09:00  INFO 2337 --- [farmstory] [restartedMain] kr.co.farmstory.FarmstoryApplication     : Starting FarmstoryApplication using Java 21.0.2 with PID 2337 (/Users/songsangdo/Desktop/무제 폴더/ToyProject1/build/classes/java/main started by songsangdo in /Users/songsangdo/Desktop/무제 폴더/ToyProject1)
2024-04-20T00:56:12.641+09:00  INFO 2337 --- [farmstory] [restartedMain] kr.co.farmstory.FarmstoryApplication     : No active profile set, falling back to 1 default profile: "default"
2024-04-20T00:56:12.771+09:00  INFO 2337 --- [farmstory] [restartedMain] .e.DevToolsPropertyDefaultsPostProcessor : Devtools property defaults active! Set 'spring.devtools.add-properties' to 'false' to disable
2024-04-20T00:56:12.771+09:00  INFO 2337 --- [farmstory] [restartedMain] .e.DevToolsPropertyDefaultsPostProcessor : For additional web related logging consider setting the 'logging.level.web' property to 'DEBUG'
2024-04-20T00:56:13.095+09:00  INFO 2337 --- [farmstory] [restartedMain] .s.d.r.c.RepositoryConfigurationDelegate : Bootstrapping Spring Data JPA repositories in DEFAULT mode.
2024-04-20T00:56:13.123+09:00  INFO 2337 --- [farmstory] [restartedMain] .s.d.r.c.RepositoryConfigurationDelegate : Finished Spring Data repository scanning in 24 ms. Found 3 JPA repository interfaces.
2024-04-20T00:56:13.433+09:00  INFO 2337 --- [farmstory] [restartedMain] o.s.b.w.embedded.tomcat.TomcatWebServer  : Tomcat initialized with port 8080 (http)
2024-04-20T00:56:13.439+09:00  INFO 2337 --- [farmstory] [restartedMain] o.apache.catalina.core.StandardService   : Starting service [Tomcat]
2024-04-20T00:56:13.440+09:00  INFO 2337 --- [farmstory] [restartedMain] o.apache.catalina.core.StandardEngine    : Starting Servlet engine: [Apache Tomcat/10.1.19]
2024-04-20T00:56:13.461+09:00  INFO 2337 --- [farmstory] [restartedMain] o.a.c.c.C.[.[localhost].[/farmstory]     : Initializing Spring embedded WebApplicationContext
2024-04-20T00:56:13.461+09:00  INFO 2337 --- [farmstory] [restartedMain] w.s.c.ServletWebServerApplicationContext : Root WebApplicationContext: initialization completed in 690 ms
2024-04-20T00:56:13.558+09:00  INFO 2337 --- [farmstory] [restartedMain] o.hibernate.jpa.internal.util.LogHelper  : HHH000204: Processing PersistenceUnitInfo [name: default]
2024-04-20T00:56:13.590+09:00  INFO 2337 --- [farmstory] [restartedMain] org.hibernate.Version                    : HHH000412: Hibernate ORM core version 6.4.4.Final
2024-04-20T00:56:13.604+09:00  INFO 2337 --- [farmstory] [restartedMain] o.h.c.internal.RegionFactoryInitiator    : HHH000026: Second-level cache disabled
2024-04-20T00:56:13.691+09:00  INFO 2337 --- [farmstory] [restartedMain] o.s.o.j.p.SpringPersistenceUnitInfo      : No LoadTimeWeaver setup: ignoring JPA class transformer
2024-04-20T00:56:13.702+09:00  INFO 2337 --- [farmstory] [restartedMain] com.zaxxer.hikari.HikariDataSource       : HikariPool-1 - Starting...
2024-04-20T00:56:13.864+09:00  INFO 2337 --- [farmstory] [restartedMain] com.zaxxer.hikari.pool.HikariPool        : HikariPool-1 - Added connection com.mysql.cj.jdbc.ConnectionImpl@67291b45
2024-04-20T00:56:13.866+09:00  INFO 2337 --- [farmstory] [restartedMain] com.zaxxer.hikari.HikariDataSource       : HikariPool-1 - Start completed.
2024-04-20T00:56:13.901+09:00  WARN 2337 --- [farmstory] [restartedMain] org.hibernate.orm.deprecation            : HHH90000025: MySQLDialect does not need to be specified explicitly using 'hibernate.dialect' (remove the property setting and it will be selected by default)
2024-04-20T00:56:14.340+09:00  INFO 2337 --- [farmstory] [restartedMain] o.h.e.t.j.p.i.JtaPlatformInitiator       : HHH000489: No JTA platform available (set 'hibernate.transaction.jta.platform' to enable JTA platform integration)
2024-04-20T00:56:14.362+09:00  INFO 2337 --- [farmstory] [restartedMain] j.LocalContainerEntityManagerFactoryBean : Initialized JPA EntityManagerFactory for persistence unit 'default'
2024-04-20T00:56:14.629+09:00  WARN 2337 --- [farmstory] [restartedMain] JpaBaseConfiguration$JpaWebConfiguration : spring.jpa.open-in-view is enabled by default. Therefore, database queries may be performed during view rendering. Explicitly configure spring.jpa.open-in-view to disable this warning
2024-04-20T00:56:14.643+09:00  WARN 2337 --- [farmstory] [restartedMain] .s.s.UserDetailsServiceAutoConfiguration : 

Using generated security password: 6888dc50-5bf9-4053-ad24-690feff24fd4

This generated password is for development use only. Your security configuration must be updated before running your application in production.

2024-04-20T00:56:14.762+09:00  INFO 2337 --- [farmstory] [restartedMain] o.s.s.web.DefaultSecurityFilterChain     : Will secure any request with [org.springframework.security.web.session.DisableEncodeUrlFilter@41c2f7b1, org.springframework.security.web.context.request.async.WebAsyncManagerIntegrationFilter@250bff82, org.springframework.security.web.context.SecurityContextHolderFilter@bf1b289, org.springframework.security.web.header.HeaderWriterFilter@34ae3b8e, org.springframework.web.filter.CorsFilter@19cb6150, org.springframework.security.web.csrf.CsrfFilter@6c9ba07f, org.springframework.security.web.authentication.logout.LogoutFilter@47ad2674, org.springframework.security.web.savedrequest.RequestCacheAwareFilter@7beefc72, org.springframework.security.web.servletapi.SecurityContextHolderAwareRequestFilter@7976ea8b, org.springframework.security.web.authentication.AnonymousAuthenticationFilter@23a618f5, org.springframework.security.web.access.ExceptionTranslationFilter@324caaf6, org.springframework.security.web.access.intercept.AuthorizationFilter@40448d36]
2024-04-20T00:56:14.897+09:00  INFO 2337 --- [farmstory] [restartedMain] o.s.b.d.a.OptionalLiveReloadServer       : LiveReload server is running on port 35729
2024-04-20T00:56:14.915+09:00  INFO 2337 --- [farmstory] [restartedMain] o.s.b.w.embedded.tomcat.TomcatWebServer  : Tomcat started on port 8080 (http) with context path '/farmstory'
2024-04-20T00:56:14.923+09:00  INFO 2337 --- [farmstory] [restartedMain] kr.co.farmstory.FarmstoryApplication     : Started FarmstoryApplication in 2.471 seconds (process running for 2.662)
2024-04-20T00:56:15.592+09:00  INFO 2337 --- [farmstory] [http-nio-8080-exec-1] o.a.c.c.C.[.[localhost].[/farmstory]     : Initializing Spring DispatcherServlet 'dispatcherServlet'
2024-04-20T00:56:15.592+09:00  INFO 2337 --- [farmstory] [http-nio-8080-exec-1] o.s.web.servlet.DispatcherServlet        : Initializing Servlet 'dispatcherServlet'
2024-04-20T00:56:15.593+09:00  INFO 2337 --- [farmstory] [http-nio-8080-exec-1] o.s.web.servlet.DispatcherServlet        : Completed initialization in 1 ms
2024-04-20T00:56:48.183+09:00  INFO 2337 --- [farmstory] [SpringApplicationShutdownHook] j.LocalContainerEntityManagerFactoryBean : Closing JPA EntityManagerFactory for persistence unit 'default'
2024-04-20T00:56:48.186+09:00  INFO 2337 --- [farmstory] [SpringApplicationShutdownHook] com.zaxxer.hikari.HikariDataSource       : HikariPool-1 - Shutdown initiated...
2024-04-20T00:56:48.193+09:00  INFO 2337 --- [farmstory] [SpringApplicationShutdownHook] com.zaxxer.hikari.HikariDataSource       : HikariPool-1 - Shutdown completed.
2024-04-20T00:56:49.600+09:00  INFO 2343 --- [farmstory] [restartedMain] kr.co.farmstory.FarmstoryApplication     : Starting FarmstoryApplication using Java 21.0.2 with PID 2343 (/Users/songsangdo/Desktop/무제 폴더/ToyProject1/build/classes/java/main started by songsangdo in /Users/songsangdo/Desktop/무제 폴더/ToyProject1)
2024-04-20T00:56:49.601+09:00  INFO 2343 --- [farmstory] [restartedMain] kr.co.farmstory.FarmstoryApplication     : No active profile set, falling back to 1 default profile: "default"
2024-04-20T00:56:49.724+09:00  INFO 2343 --- [farmstory] [restartedMain] .e.DevToolsPropertyDefaultsPostProcessor : Devtools property defaults active! Set 'spring.devtools.add-properties' to 'false' to disable
2024-04-20T00:56:49.724+09:00  INFO 2343 --- [farmstory] [restartedMain] .e.DevToolsPropertyDefaultsPostProcessor : For additional web related logging consider setting the 'logging.level.web' property to 'DEBUG'
2024-04-20T00:56:50.027+09:00  INFO 2343 --- [farmstory] [restartedMain] .s.d.r.c.RepositoryConfigurationDelegate : Bootstrapping Spring Data JPA repositories in DEFAULT mode.
2024-04-20T00:56:50.051+09:00  INFO 2343 --- [farmstory] [restartedMain] .s.d.r.c.RepositoryConfigurationDelegate : Finished Spring Data repository scanning in 20 ms. Found 3 JPA repository interfaces.
2024-04-20T00:56:50.330+09:00  INFO 2343 --- [farmstory] [restartedMain] o.s.b.w.embedded.tomcat.TomcatWebServer  : Tomcat initialized with port 8080 (http)
2024-04-20T00:56:50.336+09:00  INFO 2343 --- [farmstory] [restartedMain] o.apache.catalina.core.StandardService   : Starting service [Tomcat]
2024-04-20T00:56:50.336+09:00  INFO 2343 --- [farmstory] [restartedMain] o.apache.catalina.core.StandardEngine    : Starting Servlet engine: [Apache Tomcat/10.1.19]
2024-04-20T00:56:50.354+09:00  INFO 2343 --- [farmstory] [restartedMain] o.a.c.c.C.[.[localhost].[/farmstory]     : Initializing Spring embedded WebApplicationContext
2024-04-20T00:56:50.354+09:00  INFO 2343 --- [farmstory] [restartedMain] w.s.c.ServletWebServerApplicationContext : Root WebApplicationContext: initialization completed in 630 ms
2024-04-20T00:56:50.451+09:00  INFO 2343 --- [farmstory] [restartedMain] o.hibernate.jpa.internal.util.LogHelper  : HHH000204: Processing PersistenceUnitInfo [name: default]
2024-04-20T00:56:50.480+09:00  INFO 2343 --- [farmstory] [restartedMain] org.hibernate.Version                    : HHH000412: Hibernate ORM core version 6.4.4.Final
2024-04-20T00:56:50.494+09:00  INFO 2343 --- [farmstory] [restartedMain] o.h.c.internal.RegionFactoryInitiator    : HHH000026: Second-level cache disabled
2024-04-20T00:56:50.577+09:00  INFO 2343 --- [farmstory] [restartedMain] o.s.o.j.p.SpringPersistenceUnitInfo      : No LoadTimeWeaver setup: ignoring JPA class transformer
2024-04-20T00:56:50.587+09:00  INFO 2343 --- [farmstory] [restartedMain] com.zaxxer.hikari.HikariDataSource       : HikariPool-1 - Starting...
2024-04-20T00:56:50.741+09:00  INFO 2343 --- [farmstory] [restartedMain] com.zaxxer.hikari.pool.HikariPool        : HikariPool-1 - Added connection com.mysql.cj.jdbc.ConnectionImpl@79222d2c
2024-04-20T00:56:50.742+09:00  INFO 2343 --- [farmstory] [restartedMain] com.zaxxer.hikari.HikariDataSource       : HikariPool-1 - Start completed.
2024-04-20T00:56:50.764+09:00  WARN 2343 --- [farmstory] [restartedMain] org.hibernate.orm.deprecation            : HHH90000025: MySQLDialect does not need to be specified explicitly using 'hibernate.dialect' (remove the property setting and it will be selected by default)
2024-04-20T00:56:51.192+09:00  INFO 2343 --- [farmstory] [restartedMain] o.h.e.t.j.p.i.JtaPlatformInitiator       : HHH000489: No JTA platform available (set 'hibernate.transaction.jta.platform' to enable JTA platform integration)
2024-04-20T00:56:51.217+09:00  INFO 2343 --- [farmstory] [restartedMain] j.LocalContainerEntityManagerFactoryBean : Initialized JPA EntityManagerFactory for persistence unit 'default'
2024-04-20T00:56:51.490+09:00  WARN 2343 --- [farmstory] [restartedMain] JpaBaseConfiguration$JpaWebConfiguration : spring.jpa.open-in-view is enabled by default. Therefore, database queries may be performed during view rendering. Explicitly configure spring.jpa.open-in-view to disable this warning
2024-04-20T00:56:51.698+09:00  WARN 2343 --- [farmstory] [restartedMain] .s.s.UserDetailsServiceAutoConfiguration : 

Using generated security password: d0e15091-a63d-4b21-ba2e-669ef2367d9d

This generated password is for development use only. Your security configuration must be updated before running your application in production.

2024-04-20T00:56:51.740+09:00  INFO 2343 --- [farmstory] [restartedMain] o.s.s.web.DefaultSecurityFilterChain     : Will secure any request with [org.springframework.security.web.session.DisableEncodeUrlFilter@2201bc53, org.springframework.security.web.context.request.async.WebAsyncManagerIntegrationFilter@7fb38149, org.springframework.security.web.context.SecurityContextHolderFilter@29fae30, org.springframework.security.web.header.HeaderWriterFilter@a8b5e93, org.springframework.web.filter.CorsFilter@7ec472e3, org.springframework.security.web.csrf.CsrfFilter@1d84e77f, org.springframework.security.web.authentication.logout.LogoutFilter@47d95d13, org.springframework.security.web.authentication.UsernamePasswordAuthenticationFilter@35cf47dc, org.springframework.security.web.authentication.ui.DefaultLoginPageGeneratingFilter@33a0ffa6, org.springframework.security.web.authentication.ui.DefaultLogoutPageGeneratingFilter@32658cd3, org.springframework.security.web.authentication.www.BasicAuthenticationFilter@5bb68c, org.springframework.security.web.savedrequest.RequestCacheAwareFilter@7216c08f, org.springframework.security.web.servletapi.SecurityContextHolderAwareRequestFilter@2b77d9bb, org.springframework.security.web.authentication.AnonymousAuthenticationFilter@1da94de8, org.springframework.security.web.access.ExceptionTranslationFilter@d77037d, org.springframework.security.web.access.intercept.AuthorizationFilter@2401b0b7]
2024-04-20T00:56:51.757+09:00  INFO 2343 --- [farmstory] [restartedMain] o.s.b.d.a.OptionalLiveReloadServer       : LiveReload server is running on port 35729
2024-04-20T00:56:51.773+09:00  INFO 2343 --- [farmstory] [restartedMain] o.s.b.w.embedded.tomcat.TomcatWebServer  : Tomcat started on port 8080 (http) with context path '/farmstory'
2024-04-20T00:56:51.780+09:00  INFO 2343 --- [farmstory] [restartedMain] kr.co.farmstory.FarmstoryApplication     : Started FarmstoryApplication in 2.369 seconds (process running for 2.552)
2024-04-20T00:56:57.198+09:00  INFO 2343 --- [farmstory] [http-nio-8080-exec-2] o.a.c.c.C.[.[localhost].[/farmstory]     : Initializing Spring DispatcherServlet 'dispatcherServlet'
2024-04-20T00:56:57.198+09:00  INFO 2343 --- [farmstory] [http-nio-8080-exec-2] o.s.web.servlet.DispatcherServlet        : Initializing Servlet 'dispatcherServlet'
2024-04-20T00:56:57.199+09:00  INFO 2343 --- [farmstory] [http-nio-8080-exec-2] o.s.web.servlet.DispatcherServlet        : Completed initialization in 1 ms
2024-04-20T00:57:31.403+09:00  INFO 2343 --- [farmstory] [SpringApplicationShutdownHook] j.LocalContainerEntityManagerFactoryBean : Closing JPA EntityManagerFactory for persistence unit 'default'
2024-04-20T00:57:31.406+09:00  INFO 2343 --- [farmstory] [SpringApplicationShutdownHook] com.zaxxer.hikari.HikariDataSource       : HikariPool-1 - Shutdown initiated...
2024-04-20T00:57:31.410+09:00  INFO 2343 --- [farmstory] [SpringApplicationShutdownHook] com.zaxxer.hikari.HikariDataSource       : HikariPool-1 - Shutdown completed.
2024-04-20T00:57:32.737+09:00  INFO 2348 --- [farmstory] [restartedMain] kr.co.farmstory.FarmstoryApplication     : Starting FarmstoryApplication using Java 21.0.2 with PID 2348 (/Users/songsangdo/Desktop/무제 폴더/ToyProject1/build/classes/java/main started by songsangdo in /Users/songsangdo/Desktop/무제 폴더/ToyProject1)
2024-04-20T00:57:32.738+09:00  INFO 2348 --- [farmstory] [restartedMain] kr.co.farmstory.FarmstoryApplication     : No active profile set, falling back to 1 default profile: "default"
2024-04-20T00:57:32.859+09:00  INFO 2348 --- [farmstory] [restartedMain] .e.DevToolsPropertyDefaultsPostProcessor : Devtools property defaults active! Set 'spring.devtools.add-properties' to 'false' to disable
2024-04-20T00:57:32.859+09:00  INFO 2348 --- [farmstory] [restartedMain] .e.DevToolsPropertyDefaultsPostProcessor : For additional web related logging consider setting the 'logging.level.web' property to 'DEBUG'
2024-04-20T00:57:33.178+09:00  INFO 2348 --- [farmstory] [restartedMain] .s.d.r.c.RepositoryConfigurationDelegate : Bootstrapping Spring Data JPA repositories in DEFAULT mode.
2024-04-20T00:57:33.203+09:00  INFO 2348 --- [farmstory] [restartedMain] .s.d.r.c.RepositoryConfigurationDelegate : Finished Spring Data repository scanning in 21 ms. Found 3 JPA repository interfaces.
2024-04-20T00:57:33.490+09:00  INFO 2348 --- [farmstory] [restartedMain] o.s.b.w.embedded.tomcat.TomcatWebServer  : Tomcat initialized with port 8080 (http)
2024-04-20T00:57:33.495+09:00  INFO 2348 --- [farmstory] [restartedMain] o.apache.catalina.core.StandardService   : Starting service [Tomcat]
2024-04-20T00:57:33.496+09:00  INFO 2348 --- [farmstory] [restartedMain] o.apache.catalina.core.StandardEngine    : Starting Servlet engine: [Apache Tomcat/10.1.19]
2024-04-20T00:57:33.514+09:00  INFO 2348 --- [farmstory] [restartedMain] o.a.c.c.C.[.[localhost].[/farmstory]     : Initializing Spring embedded WebApplicationContext
2024-04-20T00:57:33.514+09:00  INFO 2348 --- [farmstory] [restartedMain] w.s.c.ServletWebServerApplicationContext : Root WebApplicationContext: initialization completed in 655 ms
2024-04-20T00:57:33.613+09:00  INFO 2348 --- [farmstory] [restartedMain] o.hibernate.jpa.internal.util.LogHelper  : HHH000204: Processing PersistenceUnitInfo [name: default]
2024-04-20T00:57:33.637+09:00  INFO 2348 --- [farmstory] [restartedMain] org.hibernate.Version                    : HHH000412: Hibernate ORM core version 6.4.4.Final
2024-04-20T00:57:33.660+09:00  INFO 2348 --- [farmstory] [restartedMain] o.h.c.internal.RegionFactoryInitiator    : HHH000026: Second-level cache disabled
2024-04-20T00:57:33.762+09:00  INFO 2348 --- [farmstory] [restartedMain] o.s.o.j.p.SpringPersistenceUnitInfo      : No LoadTimeWeaver setup: ignoring JPA class transformer
2024-04-20T00:57:33.772+09:00  INFO 2348 --- [farmstory] [restartedMain] com.zaxxer.hikari.HikariDataSource       : HikariPool-1 - Starting...
2024-04-20T00:57:33.934+09:00  INFO 2348 --- [farmstory] [restartedMain] com.zaxxer.hikari.pool.HikariPool        : HikariPool-1 - Added connection com.mysql.cj.jdbc.ConnectionImpl@18f11e41
2024-04-20T00:57:33.935+09:00  INFO 2348 --- [farmstory] [restartedMain] com.zaxxer.hikari.HikariDataSource       : HikariPool-1 - Start completed.
2024-04-20T00:57:33.959+09:00  WARN 2348 --- [farmstory] [restartedMain] org.hibernate.orm.deprecation            : HHH90000025: MySQLDialect does not need to be specified explicitly using 'hibernate.dialect' (remove the property setting and it will be selected by default)
2024-04-20T00:57:34.381+09:00  INFO 2348 --- [farmstory] [restartedMain] o.h.e.t.j.p.i.JtaPlatformInitiator       : HHH000489: No JTA platform available (set 'hibernate.transaction.jta.platform' to enable JTA platform integration)
2024-04-20T00:57:34.404+09:00  INFO 2348 --- [farmstory] [restartedMain] j.LocalContainerEntityManagerFactoryBean : Initialized JPA EntityManagerFactory for persistence unit 'default'
2024-04-20T00:57:34.658+09:00  WARN 2348 --- [farmstory] [restartedMain] JpaBaseConfiguration$JpaWebConfiguration : spring.jpa.open-in-view is enabled by default. Therefore, database queries may be performed during view rendering. Explicitly configure spring.jpa.open-in-view to disable this warning
2024-04-20T00:57:34.675+09:00  WARN 2348 --- [farmstory] [restartedMain] .s.s.UserDetailsServiceAutoConfiguration : 

Using generated security password: 523c8fa4-ad62-41ef-ab71-c0fae6bc95e3

This generated password is for development use only. Your security configuration must be updated before running your application in production.

2024-04-20T00:57:34.796+09:00  INFO 2348 --- [farmstory] [restartedMain] o.s.s.web.DefaultSecurityFilterChain     : Will secure any request with [org.springframework.security.web.session.DisableEncodeUrlFilter@5e07e437, org.springframework.security.web.context.request.async.WebAsyncManagerIntegrationFilter@46f8262d, org.springframework.security.web.context.SecurityContextHolderFilter@6143d1c4, org.springframework.security.web.header.HeaderWriterFilter@74a1f0c, org.springframework.web.filter.CorsFilter@3039f0bd, org.springframework.security.web.csrf.CsrfFilter@aecd581, org.springframework.security.web.authentication.logout.LogoutFilter@75de7f9e, org.springframework.security.web.savedrequest.RequestCacheAwareFilter@1e09a797, org.springframework.security.web.servletapi.SecurityContextHolderAwareRequestFilter@9c6eb18, org.springframework.security.web.authentication.AnonymousAuthenticationFilter@53bd29f4, org.springframework.security.web.access.ExceptionTranslationFilter@5bfea845, org.springframework.security.web.access.intercept.AuthorizationFilter@18101ee4]
2024-04-20T00:57:34.932+09:00  INFO 2348 --- [farmstory] [restartedMain] o.s.b.d.a.OptionalLiveReloadServer       : LiveReload server is running on port 35729
2024-04-20T00:57:34.949+09:00  INFO 2348 --- [farmstory] [restartedMain] o.s.b.w.embedded.tomcat.TomcatWebServer  : Tomcat started on port 8080 (http) with context path '/farmstory'
2024-04-20T00:57:34.955+09:00  INFO 2348 --- [farmstory] [restartedMain] kr.co.farmstory.FarmstoryApplication     : Started FarmstoryApplication in 2.406 seconds (process running for 2.592)
2024-04-20T00:57:35.160+09:00  INFO 2348 --- [farmstory] [http-nio-8080-exec-1] o.a.c.c.C.[.[localhost].[/farmstory]     : Initializing Spring DispatcherServlet 'dispatcherServlet'
2024-04-20T00:57:35.160+09:00  INFO 2348 --- [farmstory] [http-nio-8080-exec-1] o.s.web.servlet.DispatcherServlet        : Initializing Servlet 'dispatcherServlet'
2024-04-20T00:57:35.161+09:00  INFO 2348 --- [farmstory] [http-nio-8080-exec-1] o.s.web.servlet.DispatcherServlet        : Completed initialization in 1 ms
2024-04-20T01:00:20.363+09:00  INFO 2348 --- [farmstory] [SpringApplicationShutdownHook] j.LocalContainerEntityManagerFactoryBean : Closing JPA EntityManagerFactory for persistence unit 'default'
2024-04-20T01:00:20.367+09:00  INFO 2348 --- [farmstory] [SpringApplicationShutdownHook] com.zaxxer.hikari.HikariDataSource       : HikariPool-1 - Shutdown initiated...
2024-04-20T01:00:20.372+09:00  INFO 2348 --- [farmstory] [SpringApplicationShutdownHook] com.zaxxer.hikari.HikariDataSource       : HikariPool-1 - Shutdown completed.
2024-04-20T01:00:21.642+09:00  INFO 2368 --- [farmstory] [restartedMain] kr.co.farmstory.FarmstoryApplication     : Starting FarmstoryApplication using Java 21.0.2 with PID 2368 (/Users/songsangdo/Desktop/무제 폴더/ToyProject1/build/classes/java/main started by songsangdo in /Users/songsangdo/Desktop/무제 폴더/ToyProject1)
2024-04-20T01:00:21.643+09:00  INFO 2368 --- [farmstory] [restartedMain] kr.co.farmstory.FarmstoryApplication     : No active profile set, falling back to 1 default profile: "default"
2024-04-20T01:00:21.768+09:00  INFO 2368 --- [farmstory] [restartedMain] .e.DevToolsPropertyDefaultsPostProcessor : Devtools property defaults active! Set 'spring.devtools.add-properties' to 'false' to disable
2024-04-20T01:00:21.769+09:00  INFO 2368 --- [farmstory] [restartedMain] .e.DevToolsPropertyDefaultsPostProcessor : For additional web related logging consider setting the 'logging.level.web' property to 'DEBUG'
2024-04-20T01:00:22.073+09:00  INFO 2368 --- [farmstory] [restartedMain] .s.d.r.c.RepositoryConfigurationDelegate : Bootstrapping Spring Data JPA repositories in DEFAULT mode.
2024-04-20T01:00:22.097+09:00  INFO 2368 --- [farmstory] [restartedMain] .s.d.r.c.RepositoryConfigurationDelegate : Finished Spring Data repository scanning in 21 ms. Found 3 JPA repository interfaces.
2024-04-20T01:00:22.388+09:00  INFO 2368 --- [farmstory] [restartedMain] o.s.b.w.embedded.tomcat.TomcatWebServer  : Tomcat initialized with port 8080 (http)
2024-04-20T01:00:22.394+09:00  INFO 2368 --- [farmstory] [restartedMain] o.apache.catalina.core.StandardService   : Starting service [Tomcat]
2024-04-20T01:00:22.394+09:00  INFO 2368 --- [farmstory] [restartedMain] o.apache.catalina.core.StandardEngine    : Starting Servlet engine: [Apache Tomcat/10.1.19]
2024-04-20T01:00:22.414+09:00  INFO 2368 --- [farmstory] [restartedMain] o.a.c.c.C.[.[localhost].[/farmstory]     : Initializing Spring embedded WebApplicationContext
2024-04-20T01:00:22.414+09:00  INFO 2368 --- [farmstory] [restartedMain] w.s.c.ServletWebServerApplicationContext : Root WebApplicationContext: initialization completed in 645 ms
2024-04-20T01:00:22.513+09:00  INFO 2368 --- [farmstory] [restartedMain] o.hibernate.jpa.internal.util.LogHelper  : HHH000204: Processing PersistenceUnitInfo [name: default]
2024-04-20T01:00:22.540+09:00  INFO 2368 --- [farmstory] [restartedMain] org.hibernate.Version                    : HHH000412: Hibernate ORM core version 6.4.4.Final
2024-04-20T01:00:22.553+09:00  INFO 2368 --- [farmstory] [restartedMain] o.h.c.internal.RegionFactoryInitiator    : HHH000026: Second-level cache disabled
2024-04-20T01:00:22.642+09:00  INFO 2368 --- [farmstory] [restartedMain] o.s.o.j.p.SpringPersistenceUnitInfo      : No LoadTimeWeaver setup: ignoring JPA class transformer
2024-04-20T01:00:22.656+09:00  INFO 2368 --- [farmstory] [restartedMain] com.zaxxer.hikari.HikariDataSource       : HikariPool-1 - Starting...
2024-04-20T01:00:22.825+09:00  INFO 2368 --- [farmstory] [restartedMain] com.zaxxer.hikari.pool.HikariPool        : HikariPool-1 - Added connection com.mysql.cj.jdbc.ConnectionImpl@4aed20cc
2024-04-20T01:00:22.826+09:00  INFO 2368 --- [farmstory] [restartedMain] com.zaxxer.hikari.HikariDataSource       : HikariPool-1 - Start completed.
2024-04-20T01:00:22.848+09:00  WARN 2368 --- [farmstory] [restartedMain] org.hibernate.orm.deprecation            : HHH90000025: MySQLDialect does not need to be specified explicitly using 'hibernate.dialect' (remove the property setting and it will be selected by default)
2024-04-20T01:00:23.279+09:00  INFO 2368 --- [farmstory] [restartedMain] o.h.e.t.j.p.i.JtaPlatformInitiator       : HHH000489: No JTA platform available (set 'hibernate.transaction.jta.platform' to enable JTA platform integration)
2024-04-20T01:00:23.303+09:00  INFO 2368 --- [farmstory] [restartedMain] j.LocalContainerEntityManagerFactoryBean : Initialized JPA EntityManagerFactory for persistence unit 'default'
2024-04-20T01:00:23.551+09:00  WARN 2368 --- [farmstory] [restartedMain] JpaBaseConfiguration$JpaWebConfiguration : spring.jpa.open-in-view is enabled by default. Therefore, database queries may be performed during view rendering. Explicitly configure spring.jpa.open-in-view to disable this warning
2024-04-20T01:00:23.565+09:00  WARN 2368 --- [farmstory] [restartedMain] .s.s.UserDetailsServiceAutoConfiguration : 

Using generated security password: e424d81c-ae49-4752-b3f8-c44eff3b772d

This generated password is for development use only. Your security configuration must be updated before running your application in production.

2024-04-20T01:00:23.695+09:00  INFO 2368 --- [farmstory] [restartedMain] o.s.s.web.DefaultSecurityFilterChain     : Will secure any request with [org.springframework.security.web.session.DisableEncodeUrlFilter@b68d8a5, org.springframework.security.web.context.request.async.WebAsyncManagerIntegrationFilter@577626b8, org.springframework.security.web.context.SecurityContextHolderFilter@451817cb, org.springframework.security.web.header.HeaderWriterFilter@7dd3dd96, org.springframework.web.filter.CorsFilter@15d4a74, org.springframework.security.web.csrf.CsrfFilter@6479906d, org.springframework.security.web.authentication.logout.LogoutFilter@268a9fe6, org.springframework.security.web.savedrequest.RequestCacheAwareFilter@20624104, org.springframework.security.web.servletapi.SecurityContextHolderAwareRequestFilter@4c5186ee, org.springframework.security.web.authentication.AnonymousAuthenticationFilter@48a68e10, org.springframework.security.web.access.ExceptionTranslationFilter@696f3c1d, org.springframework.security.web.access.intercept.AuthorizationFilter@3e6c45dd]
2024-04-20T01:00:23.820+09:00  INFO 2368 --- [farmstory] [restartedMain] o.s.b.d.a.OptionalLiveReloadServer       : LiveReload server is running on port 35729
2024-04-20T01:00:23.838+09:00  INFO 2368 --- [farmstory] [restartedMain] o.s.b.w.embedded.tomcat.TomcatWebServer  : Tomcat started on port 8080 (http) with context path '/farmstory'
2024-04-20T01:00:23.845+09:00  INFO 2368 --- [farmstory] [restartedMain] kr.co.farmstory.FarmstoryApplication     : Started FarmstoryApplication in 2.381 seconds (process running for 2.57)
2024-04-20T01:00:30.200+09:00  INFO 2368 --- [farmstory] [http-nio-8080-exec-1] o.a.c.c.C.[.[localhost].[/farmstory]     : Initializing Spring DispatcherServlet 'dispatcherServlet'
2024-04-20T01:00:30.201+09:00  INFO 2368 --- [farmstory] [http-nio-8080-exec-1] o.s.web.servlet.DispatcherServlet        : Initializing Servlet 'dispatcherServlet'
2024-04-20T01:00:30.202+09:00  INFO 2368 --- [farmstory] [http-nio-8080-exec-1] o.s.web.servlet.DispatcherServlet        : Completed initialization in 1 ms
2024-04-20T01:01:38.112+09:00  INFO 2368 --- [farmstory] [SpringApplicationShutdownHook] j.LocalContainerEntityManagerFactoryBean : Closing JPA EntityManagerFactory for persistence unit 'default'
2024-04-20T01:01:38.114+09:00  INFO 2368 --- [farmstory] [SpringApplicationShutdownHook] com.zaxxer.hikari.HikariDataSource       : HikariPool-1 - Shutdown initiated...
2024-04-20T01:01:38.119+09:00  INFO 2368 --- [farmstory] [SpringApplicationShutdownHook] com.zaxxer.hikari.HikariDataSource       : HikariPool-1 - Shutdown completed.
2024-04-20T01:01:39.407+09:00  INFO 2377 --- [farmstory] [restartedMain] kr.co.farmstory.FarmstoryApplication     : Starting FarmstoryApplication using Java 21.0.2 with PID 2377 (/Users/songsangdo/Desktop/무제 폴더/ToyProject1/build/classes/java/main started by songsangdo in /Users/songsangdo/Desktop/무제 폴더/ToyProject1)
2024-04-20T01:01:39.408+09:00  INFO 2377 --- [farmstory] [restartedMain] kr.co.farmstory.FarmstoryApplication     : No active profile set, falling back to 1 default profile: "default"
2024-04-20T01:01:39.528+09:00  INFO 2377 --- [farmstory] [restartedMain] .e.DevToolsPropertyDefaultsPostProcessor : Devtools property defaults active! Set 'spring.devtools.add-properties' to 'false' to disable
2024-04-20T01:01:39.528+09:00  INFO 2377 --- [farmstory] [restartedMain] .e.DevToolsPropertyDefaultsPostProcessor : For additional web related logging consider setting the 'logging.level.web' property to 'DEBUG'
2024-04-20T01:01:39.832+09:00  INFO 2377 --- [farmstory] [restartedMain] .s.d.r.c.RepositoryConfigurationDelegate : Bootstrapping Spring Data JPA repositories in DEFAULT mode.
2024-04-20T01:01:39.862+09:00  INFO 2377 --- [farmstory] [restartedMain] .s.d.r.c.RepositoryConfigurationDelegate : Finished Spring Data repository scanning in 25 ms. Found 3 JPA repository interfaces.
2024-04-20T01:01:40.148+09:00  INFO 2377 --- [farmstory] [restartedMain] o.s.b.w.embedded.tomcat.TomcatWebServer  : Tomcat initialized with port 8080 (http)
2024-04-20T01:01:40.154+09:00  INFO 2377 --- [farmstory] [restartedMain] o.apache.catalina.core.StandardService   : Starting service [Tomcat]
2024-04-20T01:01:40.154+09:00  INFO 2377 --- [farmstory] [restartedMain] o.apache.catalina.core.StandardEngine    : Starting Servlet engine: [Apache Tomcat/10.1.19]
2024-04-20T01:01:40.171+09:00  INFO 2377 --- [farmstory] [restartedMain] o.a.c.c.C.[.[localhost].[/farmstory]     : Initializing Spring embedded WebApplicationContext
2024-04-20T01:01:40.171+09:00  INFO 2377 --- [farmstory] [restartedMain] w.s.c.ServletWebServerApplicationContext : Root WebApplicationContext: initialization completed in 642 ms
2024-04-20T01:01:40.264+09:00  INFO 2377 --- [farmstory] [restartedMain] o.hibernate.jpa.internal.util.LogHelper  : HHH000204: Processing PersistenceUnitInfo [name: default]
2024-04-20T01:01:40.292+09:00  INFO 2377 --- [farmstory] [restartedMain] org.hibernate.Version                    : HHH000412: Hibernate ORM core version 6.4.4.Final
2024-04-20T01:01:40.307+09:00  INFO 2377 --- [farmstory] [restartedMain] o.h.c.internal.RegionFactoryInitiator    : HHH000026: Second-level cache disabled
2024-04-20T01:01:40.396+09:00  INFO 2377 --- [farmstory] [restartedMain] o.s.o.j.p.SpringPersistenceUnitInfo      : No LoadTimeWeaver setup: ignoring JPA class transformer
2024-04-20T01:01:40.408+09:00  INFO 2377 --- [farmstory] [restartedMain] com.zaxxer.hikari.HikariDataSource       : HikariPool-1 - Starting...
2024-04-20T01:01:40.560+09:00  INFO 2377 --- [farmstory] [restartedMain] com.zaxxer.hikari.pool.HikariPool        : HikariPool-1 - Added connection com.mysql.cj.jdbc.ConnectionImpl@7ea694b4
2024-04-20T01:01:40.561+09:00  INFO 2377 --- [farmstory] [restartedMain] com.zaxxer.hikari.HikariDataSource       : HikariPool-1 - Start completed.
2024-04-20T01:01:40.584+09:00  WARN 2377 --- [farmstory] [restartedMain] org.hibernate.orm.deprecation            : HHH90000025: MySQLDialect does not need to be specified explicitly using 'hibernate.dialect' (remove the property setting and it will be selected by default)
2024-04-20T01:01:41.003+09:00  INFO 2377 --- [farmstory] [restartedMain] o.h.e.t.j.p.i.JtaPlatformInitiator       : HHH000489: No JTA platform available (set 'hibernate.transaction.jta.platform' to enable JTA platform integration)
2024-04-20T01:01:41.028+09:00  INFO 2377 --- [farmstory] [restartedMain] j.LocalContainerEntityManagerFactoryBean : Initialized JPA EntityManagerFactory for persistence unit 'default'
2024-04-20T01:01:41.272+09:00  WARN 2377 --- [farmstory] [restartedMain] JpaBaseConfiguration$JpaWebConfiguration : spring.jpa.open-in-view is enabled by default. Therefore, database queries may be performed during view rendering. Explicitly configure spring.jpa.open-in-view to disable this warning
2024-04-20T01:01:41.286+09:00  WARN 2377 --- [farmstory] [restartedMain] .s.s.UserDetailsServiceAutoConfiguration : 

Using generated security password: 8b508446-0739-4c31-b9b3-d26367aa6000

This generated password is for development use only. Your security configuration must be updated before running your application in production.

2024-04-20T01:01:41.455+09:00  INFO 2377 --- [farmstory] [restartedMain] o.s.s.web.DefaultSecurityFilterChain     : Will secure any request with [org.springframework.security.web.session.DisableEncodeUrlFilter@75f3abea, org.springframework.security.web.context.request.async.WebAsyncManagerIntegrationFilter@251fee63, org.springframework.security.web.context.SecurityContextHolderFilter@10bb9a7b, org.springframework.security.web.header.HeaderWriterFilter@ae25aa4, org.springframework.web.filter.CorsFilter@702a57bc, org.springframework.security.web.csrf.CsrfFilter@135da748, org.springframework.security.web.authentication.logout.LogoutFilter@2c07c9ea, org.springframework.security.web.savedrequest.RequestCacheAwareFilter@6ee7cb93, org.springframework.security.web.servletapi.SecurityContextHolderAwareRequestFilter@37423d03, org.springframework.security.web.authentication.AnonymousAuthenticationFilter@34720fc, org.springframework.security.web.access.ExceptionTranslationFilter@7c6e6cee, org.springframework.security.web.access.intercept.AuthorizationFilter@6706e750]
2024-04-20T01:01:41.649+09:00  INFO 2377 --- [farmstory] [restartedMain] o.s.b.d.a.OptionalLiveReloadServer       : LiveReload server is running on port 35729
2024-04-20T01:01:41.665+09:00  INFO 2377 --- [farmstory] [restartedMain] o.s.b.w.embedded.tomcat.TomcatWebServer  : Tomcat started on port 8080 (http) with context path '/farmstory'
2024-04-20T01:01:41.671+09:00  INFO 2377 --- [farmstory] [restartedMain] kr.co.farmstory.FarmstoryApplication     : Started FarmstoryApplication in 2.438 seconds (process running for 2.618)
2024-04-20T01:01:45.058+09:00  INFO 2377 --- [farmstory] [http-nio-8080-exec-2] o.a.c.c.C.[.[localhost].[/farmstory]     : Initializing Spring DispatcherServlet 'dispatcherServlet'
2024-04-20T01:01:45.058+09:00  INFO 2377 --- [farmstory] [http-nio-8080-exec-2] o.s.web.servlet.DispatcherServlet        : Initializing Servlet 'dispatcherServlet'
2024-04-20T01:01:45.059+09:00  INFO 2377 --- [farmstory] [http-nio-8080-exec-2] o.s.web.servlet.DispatcherServlet        : Completed initialization in 1 ms
2024-04-20T01:03:47.193+09:00  INFO 2377 --- [farmstory] [SpringApplicationShutdownHook] j.LocalContainerEntityManagerFactoryBean : Closing JPA EntityManagerFactory for persistence unit 'default'
2024-04-20T01:03:47.195+09:00  INFO 2377 --- [farmstory] [SpringApplicationShutdownHook] com.zaxxer.hikari.HikariDataSource       : HikariPool-1 - Shutdown initiated...
2024-04-20T01:03:47.199+09:00  INFO 2377 --- [farmstory] [SpringApplicationShutdownHook] com.zaxxer.hikari.HikariDataSource       : HikariPool-1 - Shutdown completed.
2024-04-20T01:03:48.470+09:00  INFO 2390 --- [farmstory] [restartedMain] kr.co.farmstory.FarmstoryApplication     : Starting FarmstoryApplication using Java 21.0.2 with PID 2390 (/Users/songsangdo/Desktop/무제 폴더/ToyProject1/build/classes/java/main started by songsangdo in /Users/songsangdo/Desktop/무제 폴더/ToyProject1)
2024-04-20T01:03:48.471+09:00  INFO 2390 --- [farmstory] [restartedMain] kr.co.farmstory.FarmstoryApplication     : No active profile set, falling back to 1 default profile: "default"
2024-04-20T01:03:48.590+09:00  INFO 2390 --- [farmstory] [restartedMain] .e.DevToolsPropertyDefaultsPostProcessor : Devtools property defaults active! Set 'spring.devtools.add-properties' to 'false' to disable
2024-04-20T01:03:48.590+09:00  INFO 2390 --- [farmstory] [restartedMain] .e.DevToolsPropertyDefaultsPostProcessor : For additional web related logging consider setting the 'logging.level.web' property to 'DEBUG'
2024-04-20T01:03:48.931+09:00  INFO 2390 --- [farmstory] [restartedMain] .s.d.r.c.RepositoryConfigurationDelegate : Bootstrapping Spring Data JPA repositories in DEFAULT mode.
2024-04-20T01:03:48.958+09:00  INFO 2390 --- [farmstory] [restartedMain] .s.d.r.c.RepositoryConfigurationDelegate : Finished Spring Data repository scanning in 24 ms. Found 3 JPA repository interfaces.
2024-04-20T01:03:49.244+09:00  INFO 2390 --- [farmstory] [restartedMain] o.s.b.w.embedded.tomcat.TomcatWebServer  : Tomcat initialized with port 8080 (http)
2024-04-20T01:03:49.251+09:00  INFO 2390 --- [farmstory] [restartedMain] o.apache.catalina.core.StandardService   : Starting service [Tomcat]
2024-04-20T01:03:49.251+09:00  INFO 2390 --- [farmstory] [restartedMain] o.apache.catalina.core.StandardEngine    : Starting Servlet engine: [Apache Tomcat/10.1.19]
2024-04-20T01:03:49.271+09:00  INFO 2390 --- [farmstory] [restartedMain] o.a.c.c.C.[.[localhost].[/farmstory]     : Initializing Spring embedded WebApplicationContext
2024-04-20T01:03:49.272+09:00  INFO 2390 --- [farmstory] [restartedMain] w.s.c.ServletWebServerApplicationContext : Root WebApplicationContext: initialization completed in 680 ms
2024-04-20T01:03:49.372+09:00  INFO 2390 --- [farmstory] [restartedMain] o.hibernate.jpa.internal.util.LogHelper  : HHH000204: Processing PersistenceUnitInfo [name: default]
2024-04-20T01:03:49.398+09:00  INFO 2390 --- [farmstory] [restartedMain] org.hibernate.Version                    : HHH000412: Hibernate ORM core version 6.4.4.Final
2024-04-20T01:03:49.412+09:00  INFO 2390 --- [farmstory] [restartedMain] o.h.c.internal.RegionFactoryInitiator    : HHH000026: Second-level cache disabled
2024-04-20T01:03:49.497+09:00  INFO 2390 --- [farmstory] [restartedMain] o.s.o.j.p.SpringPersistenceUnitInfo      : No LoadTimeWeaver setup: ignoring JPA class transformer
2024-04-20T01:03:49.508+09:00  INFO 2390 --- [farmstory] [restartedMain] com.zaxxer.hikari.HikariDataSource       : HikariPool-1 - Starting...
2024-04-20T01:03:49.676+09:00  INFO 2390 --- [farmstory] [restartedMain] com.zaxxer.hikari.pool.HikariPool        : HikariPool-1 - Added connection com.mysql.cj.jdbc.ConnectionImpl@5f7266b6
2024-04-20T01:03:49.677+09:00  INFO 2390 --- [farmstory] [restartedMain] com.zaxxer.hikari.HikariDataSource       : HikariPool-1 - Start completed.
2024-04-20T01:03:49.698+09:00  WARN 2390 --- [farmstory] [restartedMain] org.hibernate.orm.deprecation            : HHH90000025: MySQLDialect does not need to be specified explicitly using 'hibernate.dialect' (remove the property setting and it will be selected by default)
2024-04-20T01:03:50.113+09:00  INFO 2390 --- [farmstory] [restartedMain] o.h.e.t.j.p.i.JtaPlatformInitiator       : HHH000489: No JTA platform available (set 'hibernate.transaction.jta.platform' to enable JTA platform integration)
2024-04-20T01:03:50.138+09:00  INFO 2390 --- [farmstory] [restartedMain] j.LocalContainerEntityManagerFactoryBean : Initialized JPA EntityManagerFactory for persistence unit 'default'
2024-04-20T01:03:50.422+09:00  WARN 2390 --- [farmstory] [restartedMain] JpaBaseConfiguration$JpaWebConfiguration : spring.jpa.open-in-view is enabled by default. Therefore, database queries may be performed during view rendering. Explicitly configure spring.jpa.open-in-view to disable this warning
2024-04-20T01:03:50.438+09:00  WARN 2390 --- [farmstory] [restartedMain] .s.s.UserDetailsServiceAutoConfiguration : 

Using generated security password: bba92df8-7175-4604-b95c-a57c02860df0

This generated password is for development use only. Your security configuration must be updated before running your application in production.

2024-04-20T01:03:50.584+09:00  INFO 2390 --- [farmstory] [restartedMain] o.s.s.web.DefaultSecurityFilterChain     : Will secure any request with [org.springframework.security.web.session.DisableEncodeUrlFilter@13fc6470, org.springframework.security.web.context.request.async.WebAsyncManagerIntegrationFilter@3532a1b9, org.springframework.security.web.context.SecurityContextHolderFilter@322505d8, org.springframework.security.web.header.HeaderWriterFilter@6189b770, org.springframework.web.filter.CorsFilter@2a0a3ee7, org.springframework.security.web.csrf.CsrfFilter@1b123ae, org.springframework.security.web.authentication.logout.LogoutFilter@73cd4910, org.springframework.security.web.savedrequest.RequestCacheAwareFilter@7469c900, org.springframework.security.web.servletapi.SecurityContextHolderAwareRequestFilter@1b2c3672, org.springframework.security.web.authentication.AnonymousAuthenticationFilter@6c2994dd, org.springframework.security.web.access.ExceptionTranslationFilter@27f81e69, org.springframework.security.web.access.intercept.AuthorizationFilter@5547789]
2024-04-20T01:03:50.714+09:00  INFO 2390 --- [farmstory] [restartedMain] o.s.b.d.a.OptionalLiveReloadServer       : LiveReload server is running on port 35729
2024-04-20T01:03:50.730+09:00  INFO 2390 --- [farmstory] [restartedMain] o.s.b.w.embedded.tomcat.TomcatWebServer  : Tomcat started on port 8080 (http) with context path '/farmstory'
2024-04-20T01:03:50.736+09:00  INFO 2390 --- [farmstory] [restartedMain] kr.co.farmstory.FarmstoryApplication     : Started FarmstoryApplication in 2.451 seconds (process running for 2.636)
2024-04-20T01:03:53.942+09:00  INFO 2390 --- [farmstory] [http-nio-8080-exec-1] o.a.c.c.C.[.[localhost].[/farmstory]     : Initializing Spring DispatcherServlet 'dispatcherServlet'
2024-04-20T01:03:53.942+09:00  INFO 2390 --- [farmstory] [http-nio-8080-exec-1] o.s.web.servlet.DispatcherServlet        : Initializing Servlet 'dispatcherServlet'
2024-04-20T01:03:53.943+09:00  INFO 2390 --- [farmstory] [http-nio-8080-exec-1] o.s.web.servlet.DispatcherServlet        : Completed initialization in 1 ms
2024-04-20T01:04:00.158+09:00  INFO 2390 --- [farmstory] [SpringApplicationShutdownHook] j.LocalContainerEntityManagerFactoryBean : Closing JPA EntityManagerFactory for persistence unit 'default'
2024-04-20T01:04:00.161+09:00  INFO 2390 --- [farmstory] [SpringApplicationShutdownHook] com.zaxxer.hikari.HikariDataSource       : HikariPool-1 - Shutdown initiated...
2024-04-20T01:04:00.165+09:00  INFO 2390 --- [farmstory] [SpringApplicationShutdownHook] com.zaxxer.hikari.HikariDataSource       : HikariPool-1 - Shutdown completed.
2024-04-20T01:04:01.432+09:00  INFO 2395 --- [farmstory] [restartedMain] kr.co.farmstory.FarmstoryApplication     : Starting FarmstoryApplication using Java 21.0.2 with PID 2395 (/Users/songsangdo/Desktop/무제 폴더/ToyProject1/build/classes/java/main started by songsangdo in /Users/songsangdo/Desktop/무제 폴더/ToyProject1)
2024-04-20T01:04:01.432+09:00  INFO 2395 --- [farmstory] [restartedMain] kr.co.farmstory.FarmstoryApplication     : No active profile set, falling back to 1 default profile: "default"
2024-04-20T01:04:01.551+09:00  INFO 2395 --- [farmstory] [restartedMain] .e.DevToolsPropertyDefaultsPostProcessor : Devtools property defaults active! Set 'spring.devtools.add-properties' to 'false' to disable
2024-04-20T01:04:01.551+09:00  INFO 2395 --- [farmstory] [restartedMain] .e.DevToolsPropertyDefaultsPostProcessor : For additional web related logging consider setting the 'logging.level.web' property to 'DEBUG'
2024-04-20T01:04:01.866+09:00  INFO 2395 --- [farmstory] [restartedMain] .s.d.r.c.RepositoryConfigurationDelegate : Bootstrapping Spring Data JPA repositories in DEFAULT mode.
2024-04-20T01:04:01.891+09:00  INFO 2395 --- [farmstory] [restartedMain] .s.d.r.c.RepositoryConfigurationDelegate : Finished Spring Data repository scanning in 22 ms. Found 3 JPA repository interfaces.
2024-04-20T01:04:02.175+09:00  INFO 2395 --- [farmstory] [restartedMain] o.s.b.w.embedded.tomcat.TomcatWebServer  : Tomcat initialized with port 8080 (http)
2024-04-20T01:04:02.181+09:00  INFO 2395 --- [farmstory] [restartedMain] o.apache.catalina.core.StandardService   : Starting service [Tomcat]
2024-04-20T01:04:02.181+09:00  INFO 2395 --- [farmstory] [restartedMain] o.apache.catalina.core.StandardEngine    : Starting Servlet engine: [Apache Tomcat/10.1.19]
2024-04-20T01:04:02.199+09:00  INFO 2395 --- [farmstory] [restartedMain] o.a.c.c.C.[.[localhost].[/farmstory]     : Initializing Spring embedded WebApplicationContext
2024-04-20T01:04:02.199+09:00  INFO 2395 --- [farmstory] [restartedMain] w.s.c.ServletWebServerApplicationContext : Root WebApplicationContext: initialization completed in 648 ms
2024-04-20T01:04:02.301+09:00  INFO 2395 --- [farmstory] [restartedMain] o.hibernate.jpa.internal.util.LogHelper  : HHH000204: Processing PersistenceUnitInfo [name: default]
2024-04-20T01:04:02.328+09:00  INFO 2395 --- [farmstory] [restartedMain] org.hibernate.Version                    : HHH000412: Hibernate ORM core version 6.4.4.Final
2024-04-20T01:04:02.340+09:00  INFO 2395 --- [farmstory] [restartedMain] o.h.c.internal.RegionFactoryInitiator    : HHH000026: Second-level cache disabled
2024-04-20T01:04:02.425+09:00  INFO 2395 --- [farmstory] [restartedMain] o.s.o.j.p.SpringPersistenceUnitInfo      : No LoadTimeWeaver setup: ignoring JPA class transformer
2024-04-20T01:04:02.436+09:00  INFO 2395 --- [farmstory] [restartedMain] com.zaxxer.hikari.HikariDataSource       : HikariPool-1 - Starting...
2024-04-20T01:04:02.598+09:00  INFO 2395 --- [farmstory] [restartedMain] com.zaxxer.hikari.pool.HikariPool        : HikariPool-1 - Added connection com.mysql.cj.jdbc.ConnectionImpl@6c4a71be
2024-04-20T01:04:02.599+09:00  INFO 2395 --- [farmstory] [restartedMain] com.zaxxer.hikari.HikariDataSource       : HikariPool-1 - Start completed.
2024-04-20T01:04:02.622+09:00  WARN 2395 --- [farmstory] [restartedMain] org.hibernate.orm.deprecation            : HHH90000025: MySQLDialect does not need to be specified explicitly using 'hibernate.dialect' (remove the property setting and it will be selected by default)
2024-04-20T01:04:03.029+09:00  INFO 2395 --- [farmstory] [restartedMain] o.h.e.t.j.p.i.JtaPlatformInitiator       : HHH000489: No JTA platform available (set 'hibernate.transaction.jta.platform' to enable JTA platform integration)
2024-04-20T01:04:03.054+09:00  INFO 2395 --- [farmstory] [restartedMain] j.LocalContainerEntityManagerFactoryBean : Initialized JPA EntityManagerFactory for persistence unit 'default'
2024-04-20T01:04:03.305+09:00  WARN 2395 --- [farmstory] [restartedMain] JpaBaseConfiguration$JpaWebConfiguration : spring.jpa.open-in-view is enabled by default. Therefore, database queries may be performed during view rendering. Explicitly configure spring.jpa.open-in-view to disable this warning
2024-04-20T01:04:03.319+09:00  WARN 2395 --- [farmstory] [restartedMain] .s.s.UserDetailsServiceAutoConfiguration : 

Using generated security password: b17c3e0d-fced-41d6-9f79-344e665c25c4

This generated password is for development use only. Your security configuration must be updated before running your application in production.

2024-04-20T01:04:03.461+09:00  INFO 2395 --- [farmstory] [restartedMain] o.s.s.web.DefaultSecurityFilterChain     : Will secure any request with [org.springframework.security.web.session.DisableEncodeUrlFilter@34e18f59, org.springframework.security.web.context.request.async.WebAsyncManagerIntegrationFilter@78e7441b, org.springframework.security.web.context.SecurityContextHolderFilter@7075a723, org.springframework.security.web.header.HeaderWriterFilter@50d0599f, org.springframework.web.filter.CorsFilter@20138ab6, org.springframework.security.web.csrf.CsrfFilter@4b8c343f, org.springframework.security.web.authentication.logout.LogoutFilter@67e8e752, org.springframework.security.web.savedrequest.RequestCacheAwareFilter@c6b692c, org.springframework.security.web.servletapi.SecurityContextHolderAwareRequestFilter@7d59896e, org.springframework.security.web.authentication.AnonymousAuthenticationFilter@4aab8e92, org.springframework.security.web.access.ExceptionTranslationFilter@7d55e2c0, org.springframework.security.web.access.intercept.AuthorizationFilter@6e345fc9]
2024-04-20T01:04:03.587+09:00  INFO 2395 --- [farmstory] [restartedMain] o.s.b.d.a.OptionalLiveReloadServer       : LiveReload server is running on port 35729
2024-04-20T01:04:03.602+09:00  INFO 2395 --- [farmstory] [restartedMain] o.s.b.w.embedded.tomcat.TomcatWebServer  : Tomcat started on port 8080 (http) with context path '/farmstory'
2024-04-20T01:04:03.607+09:00  INFO 2395 --- [farmstory] [restartedMain] kr.co.farmstory.FarmstoryApplication     : Started FarmstoryApplication in 2.366 seconds (process running for 2.547)
2024-04-20T01:04:07.209+09:00  INFO 2395 --- [farmstory] [http-nio-8080-exec-2] o.a.c.c.C.[.[localhost].[/farmstory]     : Initializing Spring DispatcherServlet 'dispatcherServlet'
2024-04-20T01:04:07.210+09:00  INFO 2395 --- [farmstory] [http-nio-8080-exec-2] o.s.web.servlet.DispatcherServlet        : Initializing Servlet 'dispatcherServlet'
2024-04-20T01:04:07.211+09:00  INFO 2395 --- [farmstory] [http-nio-8080-exec-2] o.s.web.servlet.DispatcherServlet        : Completed initialization in 1 ms
2024-04-20T01:06:43.556+09:00  INFO 2395 --- [farmstory] [SpringApplicationShutdownHook] j.LocalContainerEntityManagerFactoryBean : Closing JPA EntityManagerFactory for persistence unit 'default'
2024-04-20T01:06:43.558+09:00  INFO 2395 --- [farmstory] [SpringApplicationShutdownHook] com.zaxxer.hikari.HikariDataSource       : HikariPool-1 - Shutdown initiated...
2024-04-20T01:06:43.563+09:00  INFO 2395 --- [farmstory] [SpringApplicationShutdownHook] com.zaxxer.hikari.HikariDataSource       : HikariPool-1 - Shutdown completed.
2024-04-20T01:06:44.829+09:00  INFO 2411 --- [farmstory] [restartedMain] kr.co.farmstory.FarmstoryApplication     : Starting FarmstoryApplication using Java 21.0.2 with PID 2411 (/Users/songsangdo/Desktop/무제 폴더/ToyProject1/build/classes/java/main started by songsangdo in /Users/songsangdo/Desktop/무제 폴더/ToyProject1)
2024-04-20T01:06:44.829+09:00  INFO 2411 --- [farmstory] [restartedMain] kr.co.farmstory.FarmstoryApplication     : No active profile set, falling back to 1 default profile: "default"
2024-04-20T01:06:44.953+09:00  INFO 2411 --- [farmstory] [restartedMain] .e.DevToolsPropertyDefaultsPostProcessor : Devtools property defaults active! Set 'spring.devtools.add-properties' to 'false' to disable
2024-04-20T01:06:44.954+09:00  INFO 2411 --- [farmstory] [restartedMain] .e.DevToolsPropertyDefaultsPostProcessor : For additional web related logging consider setting the 'logging.level.web' property to 'DEBUG'
2024-04-20T01:06:45.261+09:00  INFO 2411 --- [farmstory] [restartedMain] .s.d.r.c.RepositoryConfigurationDelegate : Bootstrapping Spring Data JPA repositories in DEFAULT mode.
2024-04-20T01:06:45.286+09:00  INFO 2411 --- [farmstory] [restartedMain] .s.d.r.c.RepositoryConfigurationDelegate : Finished Spring Data repository scanning in 22 ms. Found 3 JPA repository interfaces.
2024-04-20T01:06:45.569+09:00  INFO 2411 --- [farmstory] [restartedMain] o.s.b.w.embedded.tomcat.TomcatWebServer  : Tomcat initialized with port 8080 (http)
2024-04-20T01:06:45.576+09:00  INFO 2411 --- [farmstory] [restartedMain] o.apache.catalina.core.StandardService   : Starting service [Tomcat]
2024-04-20T01:06:45.576+09:00  INFO 2411 --- [farmstory] [restartedMain] o.apache.catalina.core.StandardEngine    : Starting Servlet engine: [Apache Tomcat/10.1.19]
2024-04-20T01:06:45.597+09:00  INFO 2411 --- [farmstory] [restartedMain] o.a.c.c.C.[.[localhost].[/farmstory]     : Initializing Spring embedded WebApplicationContext
2024-04-20T01:06:45.598+09:00  INFO 2411 --- [farmstory] [restartedMain] w.s.c.ServletWebServerApplicationContext : Root WebApplicationContext: initialization completed in 644 ms
2024-04-20T01:06:45.699+09:00  INFO 2411 --- [farmstory] [restartedMain] o.hibernate.jpa.internal.util.LogHelper  : HHH000204: Processing PersistenceUnitInfo [name: default]
2024-04-20T01:06:45.727+09:00  INFO 2411 --- [farmstory] [restartedMain] org.hibernate.Version                    : HHH000412: Hibernate ORM core version 6.4.4.Final
2024-04-20T01:06:45.740+09:00  INFO 2411 --- [farmstory] [restartedMain] o.h.c.internal.RegionFactoryInitiator    : HHH000026: Second-level cache disabled
2024-04-20T01:06:45.825+09:00  INFO 2411 --- [farmstory] [restartedMain] o.s.o.j.p.SpringPersistenceUnitInfo      : No LoadTimeWeaver setup: ignoring JPA class transformer
2024-04-20T01:06:45.836+09:00  INFO 2411 --- [farmstory] [restartedMain] com.zaxxer.hikari.HikariDataSource       : HikariPool-1 - Starting...
2024-04-20T01:06:45.997+09:00  INFO 2411 --- [farmstory] [restartedMain] com.zaxxer.hikari.pool.HikariPool        : HikariPool-1 - Added connection com.mysql.cj.jdbc.ConnectionImpl@b8dd805
2024-04-20T01:06:45.998+09:00  INFO 2411 --- [farmstory] [restartedMain] com.zaxxer.hikari.HikariDataSource       : HikariPool-1 - Start completed.
2024-04-20T01:06:46.020+09:00  WARN 2411 --- [farmstory] [restartedMain] org.hibernate.orm.deprecation            : HHH90000025: MySQLDialect does not need to be specified explicitly using 'hibernate.dialect' (remove the property setting and it will be selected by default)
2024-04-20T01:06:46.438+09:00  INFO 2411 --- [farmstory] [restartedMain] o.h.e.t.j.p.i.JtaPlatformInitiator       : HHH000489: No JTA platform available (set 'hibernate.transaction.jta.platform' to enable JTA platform integration)
2024-04-20T01:06:46.461+09:00  INFO 2411 --- [farmstory] [restartedMain] j.LocalContainerEntityManagerFactoryBean : Initialized JPA EntityManagerFactory for persistence unit 'default'
2024-04-20T01:06:46.723+09:00  WARN 2411 --- [farmstory] [restartedMain] JpaBaseConfiguration$JpaWebConfiguration : spring.jpa.open-in-view is enabled by default. Therefore, database queries may be performed during view rendering. Explicitly configure spring.jpa.open-in-view to disable this warning
2024-04-20T01:06:46.739+09:00  WARN 2411 --- [farmstory] [restartedMain] .s.s.UserDetailsServiceAutoConfiguration : 

Using generated security password: 801e489f-a8b1-46a5-a0ef-f4a7d731c0ba

This generated password is for development use only. Your security configuration must be updated before running your application in production.

2024-04-20T01:06:46.880+09:00  INFO 2411 --- [farmstory] [restartedMain] o.s.s.web.DefaultSecurityFilterChain     : Will secure any request with [org.springframework.security.web.session.DisableEncodeUrlFilter@1804a62a, org.springframework.security.web.context.request.async.WebAsyncManagerIntegrationFilter@700700b5, org.springframework.security.web.context.SecurityContextHolderFilter@2d17d8c1, org.springframework.security.web.header.HeaderWriterFilter@20884bcf, org.springframework.web.filter.CorsFilter@6f7b5a8, org.springframework.security.web.csrf.CsrfFilter@1e559a5a, org.springframework.security.web.authentication.logout.LogoutFilter@b5a9d30, org.springframework.security.web.savedrequest.RequestCacheAwareFilter@60617bbe, org.springframework.security.web.servletapi.SecurityContextHolderAwareRequestFilter@148cc668, org.springframework.security.web.authentication.AnonymousAuthenticationFilter@b691e74, org.springframework.security.web.access.ExceptionTranslationFilter@7e28a3f1, org.springframework.security.web.access.intercept.AuthorizationFilter@6ddc6d1]
2024-04-20T01:06:47.008+09:00  INFO 2411 --- [farmstory] [restartedMain] o.s.b.d.a.OptionalLiveReloadServer       : LiveReload server is running on port 35729
2024-04-20T01:06:47.022+09:00  INFO 2411 --- [farmstory] [restartedMain] o.s.b.w.embedded.tomcat.TomcatWebServer  : Tomcat started on port 8080 (http) with context path '/farmstory'
2024-04-20T01:06:47.029+09:00  INFO 2411 --- [farmstory] [restartedMain] kr.co.farmstory.FarmstoryApplication     : Started FarmstoryApplication in 2.38 seconds (process running for 2.567)
2024-04-20T01:07:16.197+09:00  INFO 2411 --- [farmstory] [http-nio-8080-exec-1] o.a.c.c.C.[.[localhost].[/farmstory]     : Initializing Spring DispatcherServlet 'dispatcherServlet'
2024-04-20T01:07:16.197+09:00  INFO 2411 --- [farmstory] [http-nio-8080-exec-1] o.s.web.servlet.DispatcherServlet        : Initializing Servlet 'dispatcherServlet'
2024-04-20T01:07:16.198+09:00  INFO 2411 --- [farmstory] [http-nio-8080-exec-1] o.s.web.servlet.DispatcherServlet        : Completed initialization in 1 ms
2024-04-20T01:14:32.435+09:00  INFO 2411 --- [farmstory] [SpringApplicationShutdownHook] j.LocalContainerEntityManagerFactoryBean : Closing JPA EntityManagerFactory for persistence unit 'default'
2024-04-20T01:14:32.436+09:00  INFO 2411 --- [farmstory] [SpringApplicationShutdownHook] com.zaxxer.hikari.HikariDataSource       : HikariPool-1 - Shutdown initiated...
2024-04-20T01:14:32.440+09:00  INFO 2411 --- [farmstory] [SpringApplicationShutdownHook] com.zaxxer.hikari.HikariDataSource       : HikariPool-1 - Shutdown completed.
